<?xml version="1.0" encoding="UTF-8"?>
<testng-results ignored="0" total="1" passed="1" failed="0" skipped="0">
  <reporter-output>
  </reporter-output>
  <suite started-at="2023-10-20T14:31:29 CDT" name="Default suite" finished-at="2023-10-20T14:31:34 CDT" duration-ms="5684">
    <groups>
    </groups>
    <test started-at="2023-10-20T14:31:29 CDT" name="Default test" finished-at="2023-10-20T14:31:34 CDT" duration-ms="5684">
      <class name="com.orangeHRM.TestCases.TC01_LoginPage">
        <test-method is-config="true" signature="beforeMethod()[pri:0, instance:com.orangeHRM.TestCases.TC01_LoginPage@1b11171f]" started-at="2023-10-20T14:31:29 CDT" name="beforeMethod" finished-at="2023-10-20T14:31:34 CDT" duration-ms="5116" status="PASS">
          <reporter-output>
          </reporter-output>
        </test-method> <!-- beforeMethod -->
        <test-method signature="test()[pri:0, instance:com.orangeHRM.TestCases.TC01_LoginPage@1b11171f]" started-at="2023-10-20T14:31:34 CDT" name="test" finished-at="2023-10-20T14:31:34 CDT" duration-ms="517" status="PASS">
          <reporter-output>
          </reporter-output>
        </test-method> <!-- test -->
        <test-method is-config="true" signature="afterMethod()[pri:0, instance:com.orangeHRM.TestCases.TC01_LoginPage@1b11171f]" started-at="2023-10-20T14:31:34 CDT" name="afterMethod" finished-at="2023-10-20T14:31:34 CDT" duration-ms="1" status="PASS">
          <reporter-output>
          </reporter-output>
        </test-method> <!-- afterMethod -->
      </class> <!-- com.orangeHRM.TestCases.TC01_LoginPage -->
    </test> <!-- Default test -->
  </suite> <!-- Default suite -->
</testng-results>
